<?xml version="1.0" encoding="UTF-8"?>
<!-- Generated by org.testng.reporters.JUnitReportReporter -->
<testsuite hostname="LAPTOP-MNKCORU6" failures="0" tests="1" name="seleniumcoding50dayschallenge.Day20_ReadTextFromQR" time="0.340" errors="0" timestamp="2024-03-31T15:54:07 IST" skipped="0">
  <testcase classname="seleniumcoding50dayschallenge.Day20_ReadTextFromQR" name="EmojiRating" time="0.340"/>
  <system-out/>
</testsuite> <!-- seleniumcoding50dayschallenge.Day20_ReadTextFromQR -->
