<?xml version="1.0" encoding="UTF-8"?>
<!-- Generated by org.testng.reporters.JUnitReportReporter -->
<testsuite hostname="LAPTOP-MNKCORU6" failures="0" tests="1" name="seleniumcoding50dayschallenge.Day13_VerifyDownload" time="2.878" errors="0" timestamp="2024-03-23T09:49:18 IST" skipped="0">
  <testcase classname="seleniumcoding50dayschallenge.Day13_VerifyDownload" name="run" time="2.878"/>
  <system-out/>
</testsuite> <!-- seleniumcoding50dayschallenge.Day13_VerifyDownload -->
