<?xml version="1.0" encoding="UTF-8"?>
<!-- Generated by org.testng.reporters.JUnitReportReporter -->
<testsuite hostname="LAPTOP-MNKCORU6" failures="0" tests="1" name="seleniumcoding50dayschallenge.Day16_mouseAct" time="1.840" errors="0" timestamp="2024-03-29T11:15:51 IST" skipped="0">
  <testcase classname="seleniumcoding50dayschallenge.Day16_mouseAct" name="testOne" time="1.840"/>
  <system-out/>
</testsuite> <!-- seleniumcoding50dayschallenge.Day16_mouseAct -->
