<?xml version="1.0" encoding="UTF-8"?>
<!-- Generated by org.testng.reporters.JUnitReportReporter -->
<testsuite hostname="LAPTOP-MNKCORU6" failures="0" tests="3" name="javascriptexecutordemo.AlertOperation_t1" time="12.032" errors="0" timestamp="2024-03-10T11:50:33 IST" skipped="0">
  <testcase classname="javascriptexecutordemo.AlertOperation_t1" name="demo" time="3.410"/>
  <system-out/>
  <testcase classname="javascriptexecutordemo.AlertOperation_t1" name="demoone" time="2.823"/>
  <system-out/>
  <testcase classname="javascriptexecutordemo.AlertOperation_t1" name="demotwo" time="5.799"/>
  <system-out/>
</testsuite> <!-- javascriptexecutordemo.AlertOperation_t1 -->
