<?xml version="1.0" encoding="UTF-8"?>
<!-- Generated by org.testng.reporters.JUnitReportReporter -->
<testsuite hostname="LAPTOP-MNKCORU6" failures="0" tests="1" name="seleniumcoding50dayschallenge.Day18_Scrollbar" time="1.654" errors="0" timestamp="2024-03-29T11:58:01 IST" skipped="0">
  <testcase classname="seleniumcoding50dayschallenge.Day18_Scrollbar" name="testOne" time="1.654"/>
  <system-out/>
</testsuite> <!-- seleniumcoding50dayschallenge.Day18_Scrollbar -->
