<?xml version="1.0" encoding="UTF-8"?>
<!-- Generated by org.testng.reporters.JUnitReportReporter -->
<testsuite hostname="LAPTOP-MNKCORU6" failures="0" tests="1" name="javascriptexecutordemo.GetTitle_t5" time="3.919" errors="0" timestamp="2024-03-10T17:10:32 IST" skipped="0">
  <testcase classname="javascriptexecutordemo.GetTitle_t5" name="demoBorder" time="3.919"/>
  <system-out/>
</testsuite> <!-- javascriptexecutordemo.GetTitle_t5 -->
