<?xml version="1.0" encoding="UTF-8"?>
<!-- Generated by org.testng.reporters.JUnitReportReporter -->
<testsuite hostname="LAPTOP-MNKCORU6" failures="0" tests="1" name="seleniumcoding50dayschallenge.Day7_RightClickAndCaptureText" time="1.042" errors="0" timestamp="2024-03-16T08:38:16 IST" skipped="0">
  <testcase classname="seleniumcoding50dayschallenge.Day7_RightClickAndCaptureText" name="demo" time="1.042"/>
  <system-out/>
</testsuite> <!-- seleniumcoding50dayschallenge.Day7_RightClickAndCaptureText -->
