<?xml version="1.0" encoding="UTF-8"?>
<!-- Generated by org.testng.reporters.JUnitReportReporter -->
<testsuite hostname="LAPTOP-MNKCORU6" failures="0" tests="1" name="seleniumcoding50dayschallenge.CountRowCol" time="0.048" errors="0" timestamp="2024-05-11T11:08:58 IST" skipped="0">
  <testcase classname="seleniumcoding50dayschallenge.CountRowCol" name="demo" time="0.048"/>
  <system-out/>
</testsuite> <!-- seleniumcoding50dayschallenge.CountRowCol -->
