<?xml version="1.0" encoding="UTF-8"?>
<!-- Generated by org.testng.reporters.JUnitReportReporter -->
<testsuite hostname="LAPTOP-MNKCORU6" failures="0" tests="1" name="seleniumcoding50dayschallenge.Day8_DragDropOrder" time="13.804" errors="0" timestamp="2024-03-16T15:47:50 IST" skipped="0">
  <testcase classname="seleniumcoding50dayschallenge.Day8_DragDropOrder" name="demo" time="13.804"/>
  <system-out/>
</testsuite> <!-- seleniumcoding50dayschallenge.Day8_DragDropOrder -->
