<?xml version="1.0" encoding="UTF-8"?>
<!-- Generated by org.testng.reporters.JUnitReportReporter -->
<testsuite hostname="LAPTOP-MNKCORU6" failures="0" tests="2" name="javascriptexecutordemo.Scroll_t6" time="7.772" errors="0" timestamp="2024-03-10T17:47:48 IST" skipped="0">
  <testcase classname="javascriptexecutordemo.Scroll_t6" name="demoScrollToElementView" time="4.388"/>
  <system-out/>
  <testcase classname="javascriptexecutordemo.Scroll_t6" name="demoScrollToBottom" time="3.384"/>
  <system-out/>
</testsuite> <!-- javascriptexecutordemo.Scroll_t6 -->
