<?xml version="1.0" encoding="UTF-8"?>
<!-- Generated by org.testng.reporters.JUnitReportReporter -->
<testsuite hostname="LAPTOP-MNKCORU6" failures="0" tests="1" name="seleniumcoding50dayschallenge.Day14_FlightCalendar" time="5.661" errors="0" timestamp="2024-03-29T07:54:10 IST" skipped="0">
  <testcase classname="seleniumcoding50dayschallenge.Day14_FlightCalendar" name="testOne" time="5.661"/>
  <system-out/>
</testsuite> <!-- seleniumcoding50dayschallenge.Day14_FlightCalendar -->
