<?xml version="1.0" encoding="UTF-8"?>
<!-- Generated by org.testng.reporters.JUnitReportReporter -->
<testsuite hostname="LAPTOP-MNKCORU6" failures="0" tests="3" name="javascriptexecutordemo.Alert_t1" time="12.721" errors="0" timestamp="2024-03-10T11:26:00 IST" skipped="0">
  <testcase classname="javascriptexecutordemo.Alert_t1" name="demo" time="4.316"/>
  <system-out/>
  <testcase classname="javascriptexecutordemo.Alert_t1" name="demoone" time="3.620"/>
  <system-out/>
  <testcase classname="javascriptexecutordemo.Alert_t1" name="demotwo" time="4.785"/>
  <system-out/>
</testsuite> <!-- javascriptexecutordemo.Alert_t1 -->
