<?xml version="1.0" encoding="UTF-8"?>
<!-- Generated by org.testng.reporters.JUnitReportReporter -->
<testsuite hostname="LAPTOP-MNKCORU6" failures="0" tests="1" name="seleniumcoding50dayschallenge.Day15_GETandfillForm" time="3.473" errors="0" timestamp="2024-03-29T09:35:23 IST" skipped="0">
  <testcase classname="seleniumcoding50dayschallenge.Day15_GETandfillForm" name="testOne" time="3.473"/>
  <system-out/>
</testsuite> <!-- seleniumcoding50dayschallenge.Day15_GETandfillForm -->
