<?xml version="1.0" encoding="UTF-8"?>
<!-- Generated by org.testng.reporters.JUnitReportReporter -->
<testsuite hostname="LAPTOP-MNKCORU6" failures="0" tests="1" name="testpack.ClickGrowingBtn" time="6.786" errors="0" timestamp="2024-03-09T17:55:01 IST" skipped="0">
  <testcase classname="testpack.ClickGrowingBtn" name="test" time="6.786"/>
  <system-out/>
</testsuite> <!-- testpack.ClickGrowingBtn -->
