<?xml version="1.0" encoding="UTF-8"?>
<!-- Generated by org.testng.reporters.JUnitReportReporter -->
<testsuite hostname="LAPTOP-MNKCORU6" failures="0" tests="1" name="seleniumcodingchallenge.Day3_cssPsuedo" time="1.164" errors="0" timestamp="2024-03-09T17:00:54 IST" skipped="0">
  <testcase classname="seleniumcodingchallenge.Day3_cssPsuedo" name="demo" time="1.164"/>
  <system-out/>
</testsuite> <!-- seleniumcodingchallenge.Day3_cssPsuedo -->
