<?xml version="1.0" encoding="UTF-8"?>
<!-- Generated by org.testng.reporters.JUnitReportReporter -->
<testsuite hostname="LAPTOP-MNKCORU6" failures="0" tests="1" name="javascriptexecutordemo.ReadAllText_t7" time="4.633" errors="0" timestamp="2024-03-10T17:57:04 IST" skipped="0">
  <testcase classname="javascriptexecutordemo.ReadAllText_t7" name="demoReadAllText" time="4.633"/>
  <system-out/>
</testsuite> <!-- javascriptexecutordemo.ReadAllText_t7 -->
