<?xml version="1.0" encoding="UTF-8"?>
<!-- Generated by org.testng.reporters.JUnitReportReporter -->
<testsuite hostname="LAPTOP-MNKCORU6" failures="0" tests="1" name="javascriptexecutordemo.BorderCaptureSS_t4" time="4.230" errors="0" timestamp="2024-03-10T16:58:39 IST" skipped="0">
  <testcase classname="javascriptexecutordemo.BorderCaptureSS_t4" name="demoBorder" time="4.230"/>
  <system-out/>
</testsuite> <!-- javascriptexecutordemo.BorderCaptureSS_t4 -->
