<?xml version="1.0" encoding="UTF-8"?>
<!-- Generated by org.testng.reporters.JUnitReportReporter -->
<testsuite hostname="LAPTOP-MNKCORU6" failures="0" tests="1" name="seleniumcoding50dayschallenge.Day5_VerifyAcc" time="5.026" errors="0" timestamp="2024-03-11T10:40:24 IST" skipped="0">
  <testcase classname="seleniumcoding50dayschallenge.Day5_VerifyAcc" name="demo" time="5.026"/>
  <system-out/>
</testsuite> <!-- seleniumcoding50dayschallenge.Day5_VerifyAcc -->
