<?xml version="1.0" encoding="UTF-8"?>
<!-- Generated by org.testng.reporters.JUnitReportReporter -->
<testsuite hostname="LAPTOP-MNKCORU6" failures="0" tests="1" name="seleniumcoding50dayschallenge.Day4_Pending_GrowingBtn" time="5.124" errors="0" timestamp="2024-03-12T13:59:17 IST" skipped="0">
  <testcase classname="seleniumcoding50dayschallenge.Day4_Pending_GrowingBtn" name="demo" time="5.124"/>
  <system-out/>
</testsuite> <!-- seleniumcoding50dayschallenge.Day4_Pending_GrowingBtn -->
