<?xml version="1.0" encoding="UTF-8"?>
<!-- Generated by org.testng.reporters.JUnitReportReporter -->
<testsuite hostname="LAPTOP-MNKCORU6" failures="0" tests="2" name="javascriptexecutordemo.JSEClickOp_t2" time="9.383" errors="0" timestamp="2024-03-10T15:26:06 IST" skipped="0">
  <testcase classname="javascriptexecutordemo.JSEClickOp_t2" name="demoClickOne" time="4.490"/>
  <system-out/>
  <testcase classname="javascriptexecutordemo.JSEClickOp_t2" name="demoClickArg" time="4.893"/>
  <system-out/>
</testsuite> <!-- javascriptexecutordemo.JSEClickOp_t2 -->
