<?xml version="1.0" encoding="UTF-8"?>
<!-- Generated by org.testng.reporters.JUnitReportReporter -->
<testsuite hostname="LAPTOP-MNKCORU6" failures="0" tests="1" name="seleniumcodingchallenge.Day1_BypassBrowserAuth" time="3.034" errors="0" timestamp="2024-03-09T16:11:34 IST" skipped="0">
  <testcase classname="seleniumcodingchallenge.Day1_BypassBrowserAuth" name="demo" time="3.034"/>
  <system-out/>
</testsuite> <!-- seleniumcodingchallenge.Day1_BypassBrowserAuth -->
