<?xml version="1.0" encoding="UTF-8"?>
<!-- Generated by org.testng.reporters.JUnitReportReporter -->
<testsuite hostname="LAPTOP-MNKCORU6" failures="0" tests="1" name="seleniumcoding50dayschallenge.Day10_DownloadAndVerifyPDF" time="10.590" errors="0" timestamp="2024-03-16T09:23:15 IST" skipped="0">
  <testcase classname="seleniumcoding50dayschallenge.Day10_DownloadAndVerifyPDF" name="demo" time="10.590"/>
  <system-out/>
</testsuite> <!-- seleniumcoding50dayschallenge.Day10_DownloadAndVerifyPDF -->
