<?xml version="1.0" encoding="UTF-8"?>
<!-- Generated by org.testng.reporters.JUnitReportReporter -->
<testsuite hostname="LAPTOP-MNKCORU6" failures="0" tests="1" name="seleniumcodingchallenge.Day7_RightClickAndCaptureText" time="0.711" errors="0" timestamp="2024-03-08T18:54:23 IST" skipped="0">
  <testcase classname="seleniumcodingchallenge.Day7_RightClickAndCaptureText" name="demo" time="0.711"/>
  <system-out/>
</testsuite> <!-- seleniumcodingchallenge.Day7_RightClickAndCaptureText -->
