<?xml version="1.0" encoding="UTF-8"?>
<!-- Generated by org.testng.reporters.JUnitReportReporter -->
<testsuite hostname="LAPTOP-MNKCORU6" failures="0" tests="1" name="seleniumcoding50dayschallenge.BlockImageToSpeedUpPageLoading" time="5.573" errors="0" timestamp="2024-05-11T10:01:55 IST" skipped="0">
  <testcase classname="seleniumcoding50dayschallenge.BlockImageToSpeedUpPageLoading" name="run" time="5.573"/>
  <system-out/>
</testsuite> <!-- seleniumcoding50dayschallenge.BlockImageToSpeedUpPageLoading -->
