<?xml version="1.0" encoding="UTF-8"?>
<!-- Generated by org.testng.reporters.JUnitReportReporter -->
<testsuite hostname="LAPTOP-MNKCORU6" failures="0" tests="1" name="seleniumcoding50dayschallenge.Day11_TagInputBox" time="8.999" errors="0" timestamp="2024-03-16T11:05:20 IST" skipped="0">
  <testcase classname="seleniumcoding50dayschallenge.Day11_TagInputBox" name="demo" time="8.999"/>
  <system-out/>
</testsuite> <!-- seleniumcoding50dayschallenge.Day11_TagInputBox -->
