<?xml version="1.0" encoding="UTF-8"?>
<!-- Generated by org.testng.reporters.JUnitReportReporter -->
<testsuite hostname="LAPTOP-MNKCORU6" failures="0" tests="1" name="seleniumcodingchallenge.Day6_StopProgressBar" time="6.666" errors="0" timestamp="2024-03-07T16:27:45 IST" skipped="0">
  <testcase classname="seleniumcodingchallenge.Day6_StopProgressBar" name="stopbar" time="6.666"/>
  <system-out/>
</testsuite> <!-- seleniumcodingchallenge.Day6_StopProgressBar -->
