<?xml version="1.0" encoding="UTF-8"?>
<!-- Generated by org.testng.reporters.JUnitReportReporter -->
<testsuite hostname="LAPTOP-MNKCORU6" failures="0" tests="1" name="seleniumcoding50dayschallenge.Day22_ecommPriceList" time="5.937" errors="0" timestamp="2024-04-27T11:42:16 IST" skipped="0">
  <testcase classname="seleniumcoding50dayschallenge.Day22_ecommPriceList" name="run" time="5.937"/>
  <system-out/>
</testsuite> <!-- seleniumcoding50dayschallenge.Day22_ecommPriceList -->
