<?xml version="1.0" encoding="UTF-8"?>
<!-- Generated by org.testng.reporters.JUnitReportReporter -->
<testsuite hostname="LAPTOP-MNKCORU6" failures="0" tests="1" name="javastreamdemo.JavaStreamDemo1" time="0.009" errors="0" timestamp="2022-10-19T09:00:18 IST" skipped="0">
  <testcase classname="javastreamdemo.JavaStreamDemo1" name="num" time="0.009"/>
  <system-out/>
</testsuite> <!-- javastreamdemo.JavaStreamDemo1 -->
