<?xml version="1.0" encoding="UTF-8"?>
<!-- Generated by org.testng.reporters.JUnitReportReporter -->
<testsuite hostname="LAPTOP-MNKCORU6" failures="0" tests="1" name="seleniumcoding50dayschallenge.Day3_cssPsuedo" time="0.477" errors="0" timestamp="2024-03-09T19:04:41 IST" skipped="0">
  <testcase classname="seleniumcoding50dayschallenge.Day3_cssPsuedo" name="demo" time="0.477"/>
  <system-out/>
</testsuite> <!-- seleniumcoding50dayschallenge.Day3_cssPsuedo -->
