<?xml version="1.0" encoding="UTF-8"?>
<!-- Generated by org.testng.reporters.JUnitReportReporter -->
<testsuite hostname="LAPTOP-MNKCORU6" failures="0" tests="6" name="javascriptexecutordemo.Generic_t5" time="27.914" errors="0" timestamp="2024-03-10T18:09:00 IST" skipped="0">
  <testcase classname="javascriptexecutordemo.Generic_t5" name="demoTitle" time="3.796"/>
  <system-out/>
  <testcase classname="javascriptexecutordemo.Generic_t5" name="demoUrl" time="3.999"/>
  <system-out/>
  <testcase classname="javascriptexecutordemo.Generic_t5" name="demoPostValue" time="4.166"/>
  <system-out/>
  <testcase classname="javascriptexecutordemo.Generic_t5" name="demoCalendar" time="5.176"/>
  <system-out/>
  <testcase classname="javascriptexecutordemo.Generic_t5" name="demoPageRefresh" time="6.358"/>
  <system-out/>
  <testcase classname="javascriptexecutordemo.Generic_t5" name="demoInputIntoDisabledTextbox" time="4.419"/>
  <system-out/>
</testsuite> <!-- javascriptexecutordemo.Generic_t5 -->
