<?xml version="1.0" encoding="UTF-8"?>
<!-- Generated by org.testng.reporters.JUnitReportReporter -->
<testsuite hostname="LAPTOP-MNKCORU6" failures="0" tests="1" name="seleniumcodingchallenge.Day2_HandleDisableTxt" time="1.644" errors="0" timestamp="2024-03-09T16:49:22 IST" skipped="0">
  <testcase classname="seleniumcodingchallenge.Day2_HandleDisableTxt" name="demo" time="1.644"/>
  <system-out/>
</testsuite> <!-- seleniumcodingchallenge.Day2_HandleDisableTxt -->
