<?xml version="1.0" encoding="UTF-8"?>
<!-- Generated by org.testng.reporters.JUnitReportReporter -->
<testsuite hostname="LAPTOP-MNKCORU6" failures="0" tests="1" name="seleniumcoding50dayschallenge.Day12_navigateMultipleUrls" time="10.553" errors="0" timestamp="2024-03-16T15:10:52 IST" skipped="0">
  <testcase classname="seleniumcoding50dayschallenge.Day12_navigateMultipleUrls" name="demo" time="10.553"/>
  <system-out/>
</testsuite> <!-- seleniumcoding50dayschallenge.Day12_navigateMultipleUrls -->
