<?xml version="1.0" encoding="UTF-8"?>
<!-- Generated by org.testng.reporters.JUnitReportReporter -->
<testsuite hostname="LAPTOP-MNKCORU6" failures="0" tests="1" name="seleniumcoding50dayschallenge.RelativeLocatorDemo" time="4.055" errors="0" timestamp="2024-05-11T10:36:49 IST" skipped="0">
  <testcase classname="seleniumcoding50dayschallenge.RelativeLocatorDemo" name="demo" time="4.055"/>
  <system-out/>
</testsuite> <!-- seleniumcoding50dayschallenge.RelativeLocatorDemo -->
