<?xml version="1.0" encoding="UTF-8"?>
<!-- Generated by org.testng.reporters.JUnitReportReporter -->
<testsuite hostname="LAPTOP-MNKCORU6" failures="0" tests="1" name="javascriptexecutordemo.BlinkColor_t3" time="9.245" errors="0" timestamp="2024-03-10T16:28:46 IST" skipped="0">
  <testcase classname="javascriptexecutordemo.BlinkColor_t3" name="demoFlashOne" time="9.245"/>
  <system-out/>
</testsuite> <!-- javascriptexecutordemo.BlinkColor_t3 -->
