<?xml version="1.0" encoding="UTF-8"?>
<!-- Generated by org.testng.reporters.JUnitReportReporter -->
<testsuite hostname="LAPTOP-MNKCORU6" failures="0" tests="1" name="seleniumcoding50dayschallenge.Day19_Emoji" time="6.129" errors="0" timestamp="2024-03-31T15:45:29 IST" skipped="0">
  <testcase classname="seleniumcoding50dayschallenge.Day19_Emoji" name="EmojiRating" time="6.129"/>
  <system-out/>
</testsuite> <!-- seleniumcoding50dayschallenge.Day19_Emoji -->
